<?xml version="1.0" encoding="UTF-8"?>
<!-- Generated by org.testng.reporters.JUnitReportReporter -->
<testsuite hostname="Sreekanth" failures="0" tests="1" name="sample.Newclass" time="0.022" errors="0" timestamp="2019-12-13T10:13:09 IST" skipped="0">
  <testcase classname="sample.Newclass" name="creatcompany" time="0.022"/>
</testsuite> <!-- sample.Newclass -->
